<?xml version="1.0" encoding="UTF-8"?>
<!-- Generated by org.testng.reporters.JUnitXMLReporter -->
<testsuite ignored="0" hostname="DESKTOP-1997AR6" failures="0" tests="3" name="Submit Order Test" time="28.264" errors="0" timestamp="2024-09-03T12:57:32 IST">
  <testcase classname="com.automation.test.HomeTest" name="completePayment" time="6.829"/>
  <testcase classname="com.automation.test.HomeTest" name="completePayment" time="9.131"/>
  <testcase classname="com.automation.test.HomeTest" name="verifyProducts" time="0.0">
    <skipped/>
  </testcase> <!-- verifyProducts -->
</testsuite> <!-- Submit Order Test -->
