<?xml version="1.0" encoding="UTF-8"?>
<!-- Generated by org.testng.reporters.JUnitXMLReporter -->
<testsuite ignored="1" hostname="DESKTOP-1997AR6" failures="0" tests="2" name="Default test" time="35.553" errors="0" timestamp="2024-09-03T06:54:10 IST">
  <testcase classname="com.automation.test.HomeTest" name="completePayment" time="7.166"/>
  <testcase classname="com.automation.test.HomeTest" name="completePayment" time="13.55"/>
  <testcase classname="com.automation.test.HomeTest" name="verifyProducts" time="0.0">
    <ignored/>
  </testcase> <!-- verifyProducts -->
</testsuite> <!-- Default test -->
