<?xml version="1.0" encoding="UTF-8"?>
<!-- Generated by org.testng.reporters.JUnitXMLReporter -->
<testsuite ignored="0" hostname="DESKTOP-1997AR6" failures="0" tests="3" name="Default test" time="58.529" errors="0" timestamp="2024-10-23T20:31:02 IST">
  <testcase classname="com.automation.test.HomeTest" name="verifyProductswithJson" time="4.672"/>
  <testcase classname="com.automation.test.HomeTest" name="completePayment" time="10.175"/>
  <testcase classname="com.automation.test.HomeTest" name="verifyProducts" time="4.821"/>
</testsuite> <!-- Default test -->
