<?xml version="1.0" encoding="UTF-8"?>
<testng-results ignored="4" total="5" passed="1" failed="0" skipped="0">
  <reporter-output>
  </reporter-output>
  <suite started-at="2024-11-30T15:30:50 IST" name="Default suite" finished-at="2024-11-30T15:31:00 IST" duration-ms="10034">
    <groups>
    </groups>
    <test started-at="2024-11-30T15:30:50 IST" name="Default test" finished-at="2024-11-30T15:31:00 IST" duration-ms="10034">
      <class name="com.automation.test.LogInTest">
        <test-method is-config="true" signature="launchApp()[pri:0, instance:com.automation.test.LogInTest@4ec4f3a0]" started-at="2024-11-30T15:30:50 IST" name="launchApp" finished-at="2024-11-30T15:30:58 IST" duration-ms="8031" status="PASS">
          <reporter-output>
          </reporter-output>
        </test-method> <!-- launchApp -->
        <test-method signature="VerifyValidLogIn()[pri:0, instance:com.automation.test.LogInTest@4ec4f3a0]" started-at="2024-11-30T15:30:58 IST" name="VerifyValidLogIn" finished-at="2024-11-30T15:30:59 IST" duration-ms="1415" status="PASS">
          <reporter-output>
          </reporter-output>
        </test-method> <!-- VerifyValidLogIn -->
        <test-method is-config="true" signature="tearDown()[pri:0, instance:com.automation.test.LogInTest@4ec4f3a0]" started-at="2024-11-30T15:30:59 IST" name="tearDown" finished-at="2024-11-30T15:31:00 IST" duration-ms="484" status="PASS">
          <reporter-output>
          </reporter-output>
        </test-method> <!-- tearDown -->
      </class> <!-- com.automation.test.LogInTest -->
    </test> <!-- Default test -->
  </suite> <!-- Default suite -->
</testng-results>
